c:\users\pc\source\repos\menu - copia (6)\menu\x64\debug\menu.pch
c:\users\pc\source\repos\menu - copia (6)\menu\x64\debug\vc142.pdb
c:\users\pc\source\repos\menu - copia (6)\menu\x64\debug\pch.obj
c:\users\pc\source\repos\menu - copia (6)\menu\x64\debug\myform1.obj
c:\users\pc\source\repos\menu - copia (6)\menu\x64\debug\myform.obj
c:\users\pc\source\repos\menu - copia (6)\menu\x64\debug\menu.obj
c:\users\pc\source\repos\menu - copia (6)\menu\x64\debug\juego.obj
c:\users\pc\source\repos\menu - copia (6)\menu\x64\debug\game.obj
c:\users\pc\source\repos\menu - copia (6)\menu\x64\debug\characters.obj
c:\users\pc\source\repos\menu - copia (6)\menu\x64\debug\assemblyinfo.obj
c:\users\pc\source\repos\menu - copia (6)\menu\x64\debug\.netframework,version=v4.7.2.assemblyattributes.obj
c:\users\pc\source\repos\menu - copia (6)\x64\debug\menu.exe
c:\users\pc\source\repos\menu - copia (6)\x64\debug\menu.pdb
c:\users\pc\source\repos\menu - copia (6)\menu\x64\debug\menu.game.resources
c:\users\pc\source\repos\menu - copia (6)\menu\x64\debug\menu.myform.resources
c:\users\pc\source\repos\menu - copia (6)\menu\x64\debug\app.res
c:\users\pc\source\repos\menu - copia (6)\menu\x64\debug\menu.tlog\cl.command.1.tlog
c:\users\pc\source\repos\menu - copia (6)\menu\x64\debug\menu.tlog\cl.read.1.tlog
c:\users\pc\source\repos\menu - copia (6)\menu\x64\debug\menu.tlog\cl.write.1.tlog
c:\users\pc\source\repos\menu - copia (6)\menu\x64\debug\menu.tlog\link.command.1.tlog
c:\users\pc\source\repos\menu - copia (6)\menu\x64\debug\menu.tlog\link.read.1.tlog
c:\users\pc\source\repos\menu - copia (6)\menu\x64\debug\menu.tlog\link.write.1.tlog
c:\users\pc\source\repos\menu - copia (6)\menu\x64\debug\menu.tlog\menu.write.1u.tlog
c:\users\pc\source\repos\menu - copia (6)\menu\x64\debug\menu.tlog\metagen.read.1.tlog
c:\users\pc\source\repos\menu - copia (6)\menu\x64\debug\menu.tlog\metagen.write.1.tlog
c:\users\pc\source\repos\menu - copia (6)\menu\x64\debug\menu.tlog\rc.command.1.tlog
c:\users\pc\source\repos\menu - copia (6)\menu\x64\debug\menu.tlog\rc.read.1.tlog
c:\users\pc\source\repos\menu - copia (6)\menu\x64\debug\menu.tlog\rc.write.1.tlog
